<?xml version="1.0" encoding="UTF-8"?>
<testsuite xmlns:xsi="http://www.w3.org/2001/XMLSchema-instance" xsi:noNamespaceSchemaLocation="https://maven.apache.org/surefire/maven-surefire-plugin/xsd/surefire-test-report.xsd" name="com.example.testcases.LoginTest" time="21.075" tests="3" errors="0" skipped="2" failures="1">
  <properties>
[...]
</properties>
  <testcase name="setup" classname="com.example.testcases.LoginTest" time="20.909">
    <failure message="Could not start a new session. Response code 404. Message: The requested resource could not be found, or a request was received using an HTTP method that is not supported by the mapped resource &#10;Host info: host: &apos;lata-Precision-3581&apos;, ip: &apos;127.0.1.1&apos;&#10;Build info: version: &apos;4.29.0&apos;, revision: &apos;5fc1ec94cb&apos;&#10;System info: os.name: &apos;Linux&apos;, os.arch: &apos;amd64&apos;, os.version: &apos;6.8.0-52-generic&apos;, java.version: &apos;17.0.14&apos;&#10;Driver info: org.openqa.selenium.remote.RemoteWebDriver&#10;Command: [null, newSession {capabilities=[Capabilities {appium:app: ./resources/app/flutter.apk, appium:appActivity: com.digit.hcm.appActivity, appium:appPackage: com.digit.hcm.appPackage, appium:automationName: UiAutomator2, appium:deviceName: Pixel_Fold_API_35, appium:fullReset: true, appium:noReset: true, appium:platformVersion: 14.0, platformName: ANDROID}]}]&#10;Capabilities {appium:app: ./resources/app/flutter.apk, appium:appActivity: com.digit.hcm.appActivity, appium:appPackage: com.digit.hcm.appPackage, appium:automationName: UiAutomator2, appium:deviceName: Pixel_Fold_API_35, appium:fullReset: true, appium:noReset: true, appium:platformVersion: 14.0, platformName: ANDROID}" type="org.openqa.selenium.SessionNotCreatedException">org.openqa.selenium.SessionNotCreatedException: 
Could not start a new session. Response code 404. Message: The requested resource could not be found, or a request was received using an HTTP method that is not supported by the mapped resource 
Host info: host: 'lata-Precision-3581', ip: '127.0.1.1'
Build info: version: '4.29.0', revision: '5fc1ec94cb'
System info: os.name: 'Linux', os.arch: 'amd64', os.version: '6.8.0-52-generic', java.version: '17.0.14'
Driver info: org.openqa.selenium.remote.RemoteWebDriver
Command: [null, newSession {capabilities=[Capabilities {appium:app: ./resources/app/flutter.apk, appium:appActivity: com.digit.hcm.appActivity, appium:appPackage: com.digit.hcm.appPackage, appium:automationName: UiAutomator2, appium:deviceName: Pixel_Fold_API_35, appium:fullReset: true, appium:noReset: true, appium:platformVersion: 14.0, platformName: ANDROID}]}]
Capabilities {appium:app: ./resources/app/flutter.apk, appium:appActivity: com.digit.hcm.appActivity, appium:appPackage: com.digit.hcm.appPackage, appium:automationName: UiAutomator2, appium:deviceName: Pixel_Fold_API_35, appium:fullReset: true, appium:noReset: true, appium:platformVersion: 14.0, platformName: ANDROID}
</failure>
    <system-out><![CDATA[Starting Emulator...
Emulator is ready!
-------------seting capabilities---------------
]]></system-out>
    <system-err><![CDATA[Feb 28, 2025 2:50:16 PM org.openqa.selenium.remote.tracing.opentelemetry.OpenTelemetryTracer createTracer
INFO: Using OpenTelemetry for tracing
]]></system-err>
  </testcase>
  <testcase name="testValidLogin" classname="com.example.testcases.LoginTest" time="0">
    <skipped message="Could not start a new session. Response code 404. Message: The requested resource could not be found, or a request was received using an HTTP method that is not supported by the mapped resource &#10;Host info: host: &apos;lata-Precision-3581&apos;, ip: &apos;127.0.1.1&apos;&#10;Build info: version: &apos;4.29.0&apos;, revision: &apos;5fc1ec94cb&apos;&#10;System info: os.name: &apos;Linux&apos;, os.arch: &apos;amd64&apos;, os.version: &apos;6.8.0-52-generic&apos;, java.version: &apos;17.0.14&apos;&#10;Driver info: org.openqa.selenium.remote.RemoteWebDriver&#10;Command: [null, newSession {capabilities=[Capabilities {appium:app: ./resources/app/flutter.apk, appium:appActivity: com.digit.hcm.appActivity, appium:appPackage: com.digit.hcm.appPackage, appium:automationName: UiAutomator2, appium:deviceName: Pixel_Fold_API_35, appium:fullReset: true, appium:noReset: true, appium:platformVersion: 14.0, platformName: ANDROID}]}]&#10;Capabilities {appium:app: ./resources/app/flutter.apk, appium:appActivity: com.digit.hcm.appActivity, appium:appPackage: com.digit.hcm.appPackage, appium:automationName: UiAutomator2, appium:deviceName: Pixel_Fold_API_35, appium:fullReset: true, appium:noReset: true, appium:platformVersion: 14.0, platformName: ANDROID}"/>
  </testcase>
  <testcase name="tearDown" classname="com.example.testcases.LoginTest" time="0">
    <skipped/>
  </testcase>
</testsuite>